<?xml version="1.0" encoding="UTF-8"?>
<!-- Generated by org.testng.reporters.JUnitXMLReporter -->
<testsuite ignored="0" hostname="A-Awny-Tech" failures="0" tests="3" name="Test" time="9.377" errors="0" timestamp="2024-04-10T18:16:49 EET">
  <testcase classname="nopCommerceAutomationProject.Register" name="registerWithValidData" time="6.168"/>
  <testcase classname="nopCommerceAutomationProject.Login" name="LogOut" time="1.935"/>
  <testcase classname="nopCommerceAutomationProject.Login" name="loginWithValidData" time="1.228"/>
</testsuite> <!-- Test -->
